[debug] [2025-09-02T20:09:35.987Z] ----------------------------------------------------------------------
[debug] [2025-09-02T20:09:35.991Z] Command:       C:\Program Files\nodejs\node.exe C:\Users\ktpsu\AppData\Roaming\npm\node_modules\firebase-tools\lib\bin\firebase.js emulators:start --only functions
[debug] [2025-09-02T20:09:35.992Z] CLI Version:   14.15.1
[debug] [2025-09-02T20:09:35.992Z] Platform:      win32
[debug] [2025-09-02T20:09:35.993Z] Node Version:  v22.13.0
[debug] [2025-09-02T20:09:35.993Z] Time:          Tue Sep 02 2025 13:09:35 GMT-0700 (Pacific Daylight Time)
[debug] [2025-09-02T20:09:35.994Z] ----------------------------------------------------------------------
[debug] 
[debug] [2025-09-02T20:09:36.734Z] > command requires scopes: ["email","openid","https://www.googleapis.com/auth/cloudplatformprojects.readonly","https://www.googleapis.com/auth/firebase","https://www.googleapis.com/auth/cloud-platform"]
[debug] [2025-09-02T20:09:36.735Z] > authorizing via signed-in user (nadyaanreeva7@gmail.com)
[info] i  emulators: Starting emulators: functions {"metadata":{"emulator":{"name":"hub"},"message":"Starting emulators: functions"}}
[debug] [2025-09-02T20:09:36.966Z] [logging] Logging Emulator only supports listening on one address (127.0.0.1). Not listening on ::1
[debug] [2025-09-02T20:09:36.967Z] assigned listening specs for emulators {"user":{"hub":[{"address":"127.0.0.1","family":"IPv4","port":4400},{"address":"::1","family":"IPv6","port":4400}],"ui":[{"address":"127.0.0.1","family":"IPv4","port":4000},{"address":"::1","family":"IPv6","port":4000}],"logging":[{"address":"127.0.0.1","family":"IPv4","port":4500}]},"metadata":{"message":"assigned listening specs for emulators"}}
[debug] [2025-09-02T20:09:36.978Z] [hub] writing locator at C:\Users\ktpsu\AppData\Local\Temp\hub-bamboo-case-469420-n3.json
[debug] [2025-09-02T20:09:37.081Z] [functions] Functions Emulator only supports listening on one address (127.0.0.1). Not listening on ::1
[debug] [2025-09-02T20:09:37.081Z] [eventarc] Eventarc Emulator only supports listening on one address (127.0.0.1). Not listening on ::1
[debug] [2025-09-02T20:09:37.081Z] [tasks] Cloud Tasks Emulator only supports listening on one address (127.0.0.1). Not listening on ::1
[debug] [2025-09-02T20:09:37.081Z] late-assigned ports for functions and eventarc emulators {"user":{"hub":[{"address":"127.0.0.1","family":"IPv4","port":4400},{"address":"::1","family":"IPv6","port":4400}],"ui":[{"address":"127.0.0.1","family":"IPv4","port":4000},{"address":"::1","family":"IPv6","port":4000}],"logging":[{"address":"127.0.0.1","family":"IPv4","port":4500}],"functions":[{"address":"127.0.0.1","family":"IPv4","port":5001}],"eventarc":[{"address":"127.0.0.1","family":"IPv4","port":9299}],"tasks":[{"address":"127.0.0.1","family":"IPv4","port":9499}]},"metadata":{"message":"late-assigned ports for functions and eventarc emulators"}}
[warn] !  functions: The following emulators are not running, calls to these services from the Functions emulator will affect production: apphosting, auth, firestore, database, hosting, pubsub, storage, dataconnect {"metadata":{"emulator":{"name":"functions"},"message":"The following emulators are not running, calls to these services from the Functions emulator will affect production: \u001b[1mapphosting, auth, firestore, database, hosting, pubsub, storage, dataconnect\u001b[22m"}}
[debug] [2025-09-02T20:09:37.283Z] defaultcredentials: writing to file C:\Users\ktpsu\AppData\Roaming\firebase\nadyaanreeva7_gmail_com_application_default_credentials.json
[debug] [2025-09-02T20:09:37.287Z] Setting GAC to C:\Users\ktpsu\AppData\Roaming\firebase\nadyaanreeva7_gmail_com_application_default_credentials.json {"metadata":{"emulator":{"name":"functions"},"message":"Setting GAC to C:\\Users\\ktpsu\\AppData\\Roaming\\firebase\\nadyaanreeva7_gmail_com_application_default_credentials.json"}}
[debug] [2025-09-02T20:09:37.289Z] Checked if tokens are valid: false, expires at: 1756844675927
[debug] [2025-09-02T20:09:37.289Z] Checked if tokens are valid: false, expires at: 1756844675927
[debug] [2025-09-02T20:09:37.290Z] > refreshing access token with scopes: []
[debug] [2025-09-02T20:09:37.293Z] >>> [apiv2][query] POST https://www.googleapis.com/oauth2/v3/token [none]
[debug] [2025-09-02T20:09:37.293Z] >>> [apiv2][body] POST https://www.googleapis.com/oauth2/v3/token [omitted]
[debug] [2025-09-02T20:09:37.868Z] <<< [apiv2][status] POST https://www.googleapis.com/oauth2/v3/token 200
[debug] [2025-09-02T20:09:37.868Z] <<< [apiv2][body] POST https://www.googleapis.com/oauth2/v3/token [omitted]
[debug] [2025-09-02T20:09:37.878Z] >>> [apiv2][query] GET https://firebase.googleapis.com/v1beta1/projects/bamboo-case-469420-n3/adminSdkConfig [none]
[debug] [2025-09-02T20:09:38.859Z] <<< [apiv2][status] GET https://firebase.googleapis.com/v1beta1/projects/bamboo-case-469420-n3/adminSdkConfig 200
[debug] [2025-09-02T20:09:38.859Z] <<< [apiv2][body] GET https://firebase.googleapis.com/v1beta1/projects/bamboo-case-469420-n3/adminSdkConfig {"projectId":"bamboo-case-469420-n3","storageBucket":"bamboo-case-469420-n3.firebasestorage.app"}
[info] i  ui: downloading ui-v1.15.0.zip... {"metadata":{"emulator":{"name":"ui"},"message":"downloading ui-v1.15.0.zip..."}}
[debug] [2025-09-02T20:09:38.912Z] >>> [apiv2][query] GET https://storage.googleapis.com/firebase-preview-drop/emulator/ui-v1.15.0.zip 
[debug] [2025-09-02T20:09:39.477Z] <<< [apiv2][status] GET https://storage.googleapis.com/firebase-preview-drop/emulator/ui-v1.15.0.zip 200
[debug] [2025-09-02T20:09:39.477Z] <<< [apiv2][body] GET https://storage.googleapis.com/firebase-preview-drop/emulator/ui-v1.15.0.zip [stream]
[debug] [2025-09-02T20:09:43.905Z] Data is 3538469
[debug] [2025-09-02T20:09:43.905Z] [unzip] Entry: client/ (compressed_size=0 bytes, uncompressed_size=0 bytes)
[debug] [2025-09-02T20:09:43.905Z] [unzip] Processing entry: client\
[debug] [2025-09-02T20:09:43.905Z] [unzip] mkdir: C:\Users\ktpsu\.cache\firebase\emulators\ui-v1.15.0\client\
[debug] [2025-09-02T20:09:43.936Z] [unzip] Entry: client/favicon-16x16.png (compressed_size=293 bytes, uncompressed_size=293 bytes)
[debug] [2025-09-02T20:09:43.937Z] [unzip] Processing entry: client\favicon-16x16.png
[debug] [2025-09-02T20:09:43.937Z] [unzip] else mkdir: C:\Users\ktpsu\.cache\firebase\emulators\ui-v1.15.0\client
[debug] [2025-09-02T20:09:43.949Z] [unzip] Writing file: C:\Users\ktpsu\.cache\firebase\emulators\ui-v1.15.0\client\favicon-16x16.png
[debug] [2025-09-02T20:09:43.954Z] [unzip] Entry: client/safari-pinned-tab.svg (compressed_size=1433 bytes, uncompressed_size=2611 bytes)
[debug] [2025-09-02T20:09:43.954Z] [unzip] Processing entry: client\safari-pinned-tab.svg
[debug] [2025-09-02T20:09:43.954Z] [unzip] else mkdir: C:\Users\ktpsu\.cache\firebase\emulators\ui-v1.15.0\client
[debug] [2025-09-02T20:09:43.955Z] [unzip] deflating: C:\Users\ktpsu\.cache\firebase\emulators\ui-v1.15.0\client\safari-pinned-tab.svg
[debug] [2025-09-02T20:09:43.963Z] [unzip] Entry: client/favicon.ico (compressed_size=2933 bytes, uncompressed_size=13294 bytes)
[debug] [2025-09-02T20:09:43.963Z] [unzip] Processing entry: client\favicon.ico
[debug] [2025-09-02T20:09:43.963Z] [unzip] else mkdir: C:\Users\ktpsu\.cache\firebase\emulators\ui-v1.15.0\client
[debug] [2025-09-02T20:09:43.964Z] [unzip] deflating: C:\Users\ktpsu\.cache\firebase\emulators\ui-v1.15.0\client\favicon.ico
[debug] [2025-09-02T20:09:43.986Z] [unzip] Entry: client/index.html (compressed_size=1364 bytes, uncompressed_size=3071 bytes)
[debug] [2025-09-02T20:09:43.986Z] [unzip] Processing entry: client\index.html
[debug] [2025-09-02T20:09:43.986Z] [unzip] else mkdir: C:\Users\ktpsu\.cache\firebase\emulators\ui-v1.15.0\client
[debug] [2025-09-02T20:09:43.987Z] [unzip] deflating: C:\Users\ktpsu\.cache\firebase\emulators\ui-v1.15.0\client\index.html
[debug] [2025-09-02T20:09:43.991Z] [unzip] Entry: client/android-chrome-192x192.png (compressed_size=2684 bytes, uncompressed_size=2684 bytes)
[debug] [2025-09-02T20:09:43.991Z] [unzip] Processing entry: client\android-chrome-192x192.png
[debug] [2025-09-02T20:09:43.991Z] [unzip] else mkdir: C:\Users\ktpsu\.cache\firebase\emulators\ui-v1.15.0\client
[debug] [2025-09-02T20:09:43.992Z] [unzip] Writing file: C:\Users\ktpsu\.cache\firebase\emulators\ui-v1.15.0\client\android-chrome-192x192.png
[debug] [2025-09-02T20:09:44.002Z] [unzip] Entry: client/apple-touch-icon.png (compressed_size=2123 bytes, uncompressed_size=2152 bytes)
[debug] [2025-09-02T20:09:44.002Z] [unzip] Processing entry: client\apple-touch-icon.png
[debug] [2025-09-02T20:09:44.003Z] [unzip] else mkdir: C:\Users\ktpsu\.cache\firebase\emulators\ui-v1.15.0\client
[debug] [2025-09-02T20:09:44.003Z] [unzip] deflating: C:\Users\ktpsu\.cache\firebase\emulators\ui-v1.15.0\client\apple-touch-icon.png
[debug] [2025-09-02T20:09:44.011Z] [unzip] Entry: client/android-chrome-512x512.png (compressed_size=5369 bytes, uncompressed_size=5411 bytes)
[debug] [2025-09-02T20:09:44.012Z] [unzip] Processing entry: client\android-chrome-512x512.png
[debug] [2025-09-02T20:09:44.012Z] [unzip] else mkdir: C:\Users\ktpsu\.cache\firebase\emulators\ui-v1.15.0\client
[debug] [2025-09-02T20:09:44.013Z] [unzip] deflating: C:\Users\ktpsu\.cache\firebase\emulators\ui-v1.15.0\client\android-chrome-512x512.png
[debug] [2025-09-02T20:09:44.019Z] [unzip] Entry: client/manifest.json (compressed_size=245 bytes, uncompressed_size=551 bytes)
[debug] [2025-09-02T20:09:44.020Z] [unzip] Processing entry: client\manifest.json
[debug] [2025-09-02T20:09:44.020Z] [unzip] else mkdir: C:\Users\ktpsu\.cache\firebase\emulators\ui-v1.15.0\client
[debug] [2025-09-02T20:09:44.027Z] [unzip] deflating: C:\Users\ktpsu\.cache\firebase\emulators\ui-v1.15.0\client\manifest.json
[debug] [2025-09-02T20:09:44.031Z] [unzip] Entry: client/robots.txt (compressed_size=26 bytes, uncompressed_size=26 bytes)
[debug] [2025-09-02T20:09:44.032Z] [unzip] Processing entry: client\robots.txt
[debug] [2025-09-02T20:09:44.032Z] [unzip] else mkdir: C:\Users\ktpsu\.cache\firebase\emulators\ui-v1.15.0\client
[debug] [2025-09-02T20:09:44.051Z] [unzip] Writing file: C:\Users\ktpsu\.cache\firebase\emulators\ui-v1.15.0\client\robots.txt
[debug] [2025-09-02T20:09:44.065Z] [unzip] Entry: client/mstile-150x150.png (compressed_size=2034 bytes, uncompressed_size=2034 bytes)
[debug] [2025-09-02T20:09:44.066Z] [unzip] Processing entry: client\mstile-150x150.png
[debug] [2025-09-02T20:09:44.066Z] [unzip] else mkdir: C:\Users\ktpsu\.cache\firebase\emulators\ui-v1.15.0\client
[debug] [2025-09-02T20:09:44.066Z] [unzip] Writing file: C:\Users\ktpsu\.cache\firebase\emulators\ui-v1.15.0\client\mstile-150x150.png
[debug] [2025-09-02T20:09:44.075Z] [unzip] Entry: client/assets/ (compressed_size=0 bytes, uncompressed_size=0 bytes)
[debug] [2025-09-02T20:09:44.075Z] [unzip] Processing entry: client\assets\
[debug] [2025-09-02T20:09:44.076Z] [unzip] mkdir: C:\Users\ktpsu\.cache\firebase\emulators\ui-v1.15.0\client\assets\
[debug] [2025-09-02T20:09:44.077Z] [unzip] Entry: client/assets/index-BX-A56oj.js (compressed_size=582089 bytes, uncompressed_size=2092775 bytes)
[debug] [2025-09-02T20:09:44.078Z] [unzip] Processing entry: client\assets\index-BX-A56oj.js
[debug] [2025-09-02T20:09:44.078Z] [unzip] else mkdir: C:\Users\ktpsu\.cache\firebase\emulators\ui-v1.15.0\client\assets
[debug] [2025-09-02T20:09:44.088Z] [unzip] deflating: C:\Users\ktpsu\.cache\firebase\emulators\ui-v1.15.0\client\assets\index-BX-A56oj.js
[debug] [2025-09-02T20:09:44.234Z] [unzip] Entry: client/assets/index-CjB9C900.css (compressed_size=35979 bytes, uncompressed_size=298654 bytes)
[debug] [2025-09-02T20:09:44.234Z] [unzip] Processing entry: client\assets\index-CjB9C900.css
[debug] [2025-09-02T20:09:44.234Z] [unzip] else mkdir: C:\Users\ktpsu\.cache\firebase\emulators\ui-v1.15.0\client\assets
[debug] [2025-09-02T20:09:44.234Z] [unzip] deflating: C:\Users\ktpsu\.cache\firebase\emulators\ui-v1.15.0\client\assets\index-CjB9C900.css
[debug] [2025-09-02T20:09:44.240Z] [unzip] Entry: client/assets/index-BX-A56oj.js.map (compressed_size=2362482 bytes, uncompressed_size=10036679 bytes)
[debug] [2025-09-02T20:09:44.240Z] [unzip] Processing entry: client\assets\index-BX-A56oj.js.map
[debug] [2025-09-02T20:09:44.240Z] [unzip] else mkdir: C:\Users\ktpsu\.cache\firebase\emulators\ui-v1.15.0\client\assets
[debug] [2025-09-02T20:09:44.247Z] [unzip] deflating: C:\Users\ktpsu\.cache\firebase\emulators\ui-v1.15.0\client\assets\index-BX-A56oj.js.map
[debug] [2025-09-02T20:09:44.659Z] [unzip] Entry: client/assets/extensions/ (compressed_size=0 bytes, uncompressed_size=0 bytes)
[debug] [2025-09-02T20:09:44.659Z] [unzip] Processing entry: client\assets\extensions\
[debug] [2025-09-02T20:09:44.659Z] [unzip] mkdir: C:\Users\ktpsu\.cache\firebase\emulators\ui-v1.15.0\client\assets\extensions\
[debug] [2025-09-02T20:09:44.675Z] [unzip] Entry: client/assets/extensions/default-extension.png (compressed_size=1646 bytes, uncompressed_size=1657 bytes)
[debug] [2025-09-02T20:09:44.675Z] [unzip] Processing entry: client\assets\extensions\default-extension.png
[debug] [2025-09-02T20:09:44.675Z] [unzip] else mkdir: C:\Users\ktpsu\.cache\firebase\emulators\ui-v1.15.0\client\assets\extensions
[debug] [2025-09-02T20:09:44.675Z] [unzip] deflating: C:\Users\ktpsu\.cache\firebase\emulators\ui-v1.15.0\client\assets\extensions\default-extension.png
[debug] [2025-09-02T20:09:44.678Z] [unzip] Entry: client/assets/img/ (compressed_size=0 bytes, uncompressed_size=0 bytes)
[debug] [2025-09-02T20:09:44.678Z] [unzip] Processing entry: client\assets\img\
[debug] [2025-09-02T20:09:44.678Z] [unzip] mkdir: C:\Users\ktpsu\.cache\firebase\emulators\ui-v1.15.0\client\assets\img\
[debug] [2025-09-02T20:09:44.679Z] [unzip] Entry: client/assets/img/database.png (compressed_size=29449 bytes, uncompressed_size=29988 bytes)
[debug] [2025-09-02T20:09:44.679Z] [unzip] Processing entry: client\assets\img\database.png
[debug] [2025-09-02T20:09:44.679Z] [unzip] else mkdir: C:\Users\ktpsu\.cache\firebase\emulators\ui-v1.15.0\client\assets\img
[debug] [2025-09-02T20:09:44.679Z] [unzip] deflating: C:\Users\ktpsu\.cache\firebase\emulators\ui-v1.15.0\client\assets\img\database.png
[debug] [2025-09-02T20:09:44.680Z] [unzip] Entry: client/assets/provider-icons/ (compressed_size=0 bytes, uncompressed_size=0 bytes)
[debug] [2025-09-02T20:09:44.681Z] [unzip] Processing entry: client\assets\provider-icons\
[debug] [2025-09-02T20:09:44.681Z] [unzip] mkdir: C:\Users\ktpsu\.cache\firebase\emulators\ui-v1.15.0\client\assets\provider-icons\
[debug] [2025-09-02T20:09:44.699Z] [unzip] Entry: client/assets/provider-icons/auth_service_saml.svg (compressed_size=575 bytes, uncompressed_size=1226 bytes)
[debug] [2025-09-02T20:09:44.699Z] [unzip] Processing entry: client\assets\provider-icons\auth_service_saml.svg
[debug] [2025-09-02T20:09:44.699Z] [unzip] else mkdir: C:\Users\ktpsu\.cache\firebase\emulators\ui-v1.15.0\client\assets\provider-icons
[debug] [2025-09-02T20:09:44.699Z] [unzip] deflating: C:\Users\ktpsu\.cache\firebase\emulators\ui-v1.15.0\client\assets\provider-icons\auth_service_saml.svg
[debug] [2025-09-02T20:09:44.701Z] [unzip] Entry: client/assets/provider-icons/auth_service_phone.svg (compressed_size=261 bytes, uncompressed_size=414 bytes)
[debug] [2025-09-02T20:09:44.701Z] [unzip] Processing entry: client\assets\provider-icons\auth_service_phone.svg
[debug] [2025-09-02T20:09:44.701Z] [unzip] else mkdir: C:\Users\ktpsu\.cache\firebase\emulators\ui-v1.15.0\client\assets\provider-icons
[debug] [2025-09-02T20:09:44.701Z] [unzip] deflating: C:\Users\ktpsu\.cache\firebase\emulators\ui-v1.15.0\client\assets\provider-icons\auth_service_phone.svg
[debug] [2025-09-02T20:09:44.702Z] [unzip] Entry: client/assets/provider-icons/auth_service_facebook.svg (compressed_size=289 bytes, uncompressed_size=457 bytes)
[debug] [2025-09-02T20:09:44.702Z] [unzip] Processing entry: client\assets\provider-icons\auth_service_facebook.svg
[debug] [2025-09-02T20:09:44.702Z] [unzip] else mkdir: C:\Users\ktpsu\.cache\firebase\emulators\ui-v1.15.0\client\assets\provider-icons
[debug] [2025-09-02T20:09:44.703Z] [unzip] deflating: C:\Users\ktpsu\.cache\firebase\emulators\ui-v1.15.0\client\assets\provider-icons\auth_service_facebook.svg
[debug] [2025-09-02T20:09:44.732Z] [unzip] Entry: client/assets/provider-icons/auth_service_game_center.svg (compressed_size=991 bytes, uncompressed_size=3921 bytes)
[debug] [2025-09-02T20:09:44.732Z] [unzip] Processing entry: client\assets\provider-icons\auth_service_game_center.svg
[debug] [2025-09-02T20:09:44.732Z] [unzip] else mkdir: C:\Users\ktpsu\.cache\firebase\emulators\ui-v1.15.0\client\assets\provider-icons
[debug] [2025-09-02T20:09:44.732Z] [unzip] deflating: C:\Users\ktpsu\.cache\firebase\emulators\ui-v1.15.0\client\assets\provider-icons\auth_service_game_center.svg
[debug] [2025-09-02T20:09:44.750Z] [unzip] Entry: client/assets/provider-icons/auth_service_apple.svg (compressed_size=230 bytes, uncompressed_size=334 bytes)
[debug] [2025-09-02T20:09:44.750Z] [unzip] Processing entry: client\assets\provider-icons\auth_service_apple.svg
[debug] [2025-09-02T20:09:44.750Z] [unzip] else mkdir: C:\Users\ktpsu\.cache\firebase\emulators\ui-v1.15.0\client\assets\provider-icons
[debug] [2025-09-02T20:09:44.751Z] [unzip] deflating: C:\Users\ktpsu\.cache\firebase\emulators\ui-v1.15.0\client\assets\provider-icons\auth_service_apple.svg
[debug] [2025-09-02T20:09:44.752Z] [unzip] Entry: client/assets/provider-icons/auth_service_github.svg (compressed_size=466 bytes, uncompressed_size=838 bytes)
[debug] [2025-09-02T20:09:44.753Z] [unzip] Processing entry: client\assets\provider-icons\auth_service_github.svg
[debug] [2025-09-02T20:09:44.753Z] [unzip] else mkdir: C:\Users\ktpsu\.cache\firebase\emulators\ui-v1.15.0\client\assets\provider-icons
[debug] [2025-09-02T20:09:44.753Z] [unzip] deflating: C:\Users\ktpsu\.cache\firebase\emulators\ui-v1.15.0\client\assets\provider-icons\auth_service_github.svg
[debug] [2025-09-02T20:09:44.773Z] [unzip] Entry: client/assets/provider-icons/auth_service_mslive.svg (compressed_size=203 bytes, uncompressed_size=378 bytes)
[debug] [2025-09-02T20:09:44.773Z] [unzip] Processing entry: client\assets\provider-icons\auth_service_mslive.svg
[debug] [2025-09-02T20:09:44.773Z] [unzip] else mkdir: C:\Users\ktpsu\.cache\firebase\emulators\ui-v1.15.0\client\assets\provider-icons
[debug] [2025-09-02T20:09:44.774Z] [unzip] deflating: C:\Users\ktpsu\.cache\firebase\emulators\ui-v1.15.0\client\assets\provider-icons\auth_service_mslive.svg
[debug] [2025-09-02T20:09:44.775Z] [unzip] Entry: client/assets/provider-icons/auth_service_yahoo.svg (compressed_size=577 bytes, uncompressed_size=1182 bytes)
[debug] [2025-09-02T20:09:44.775Z] [unzip] Processing entry: client\assets\provider-icons\auth_service_yahoo.svg
[debug] [2025-09-02T20:09:44.775Z] [unzip] else mkdir: C:\Users\ktpsu\.cache\firebase\emulators\ui-v1.15.0\client\assets\provider-icons
[debug] [2025-09-02T20:09:44.775Z] [unzip] deflating: C:\Users\ktpsu\.cache\firebase\emulators\ui-v1.15.0\client\assets\provider-icons\auth_service_yahoo.svg
[debug] [2025-09-02T20:09:44.796Z] [unzip] Entry: client/assets/provider-icons/auth_service_twitter.svg (compressed_size=444 bytes, uncompressed_size=751 bytes)
[debug] [2025-09-02T20:09:44.796Z] [unzip] Processing entry: client\assets\provider-icons\auth_service_twitter.svg
[debug] [2025-09-02T20:09:44.796Z] [unzip] else mkdir: C:\Users\ktpsu\.cache\firebase\emulators\ui-v1.15.0\client\assets\provider-icons
[debug] [2025-09-02T20:09:44.796Z] [unzip] deflating: C:\Users\ktpsu\.cache\firebase\emulators\ui-v1.15.0\client\assets\provider-icons\auth_service_twitter.svg
[debug] [2025-09-02T20:09:44.798Z] [unzip] Entry: client/assets/provider-icons/auth_service_play_games.svg (compressed_size=565 bytes, uncompressed_size=1173 bytes)
[debug] [2025-09-02T20:09:44.798Z] [unzip] Processing entry: client\assets\provider-icons\auth_service_play_games.svg
[debug] [2025-09-02T20:09:44.798Z] [unzip] else mkdir: C:\Users\ktpsu\.cache\firebase\emulators\ui-v1.15.0\client\assets\provider-icons
[debug] [2025-09-02T20:09:44.798Z] [unzip] deflating: C:\Users\ktpsu\.cache\firebase\emulators\ui-v1.15.0\client\assets\provider-icons\auth_service_play_games.svg
[debug] [2025-09-02T20:09:44.800Z] [unzip] Entry: client/assets/provider-icons/auth_service_email.svg (compressed_size=228 bytes, uncompressed_size=326 bytes)
[debug] [2025-09-02T20:09:44.800Z] [unzip] Processing entry: client\assets\provider-icons\auth_service_email.svg
[debug] [2025-09-02T20:09:44.800Z] [unzip] else mkdir: C:\Users\ktpsu\.cache\firebase\emulators\ui-v1.15.0\client\assets\provider-icons
[debug] [2025-09-02T20:09:44.800Z] [unzip] deflating: C:\Users\ktpsu\.cache\firebase\emulators\ui-v1.15.0\client\assets\provider-icons\auth_service_email.svg
[debug] [2025-09-02T20:09:44.803Z] [unzip] Entry: client/assets/provider-icons/auth_service_google.svg (compressed_size=409 bytes, uncompressed_size=720 bytes)
[debug] [2025-09-02T20:09:44.803Z] [unzip] Processing entry: client\assets\provider-icons\auth_service_google.svg
[debug] [2025-09-02T20:09:44.803Z] [unzip] else mkdir: C:\Users\ktpsu\.cache\firebase\emulators\ui-v1.15.0\client\assets\provider-icons
[debug] [2025-09-02T20:09:44.803Z] [unzip] deflating: C:\Users\ktpsu\.cache\firebase\emulators\ui-v1.15.0\client\assets\provider-icons\auth_service_google.svg
[debug] [2025-09-02T20:09:44.819Z] [unzip] Entry: client/assets/provider-icons/auth_service_oidc.svg (compressed_size=414 bytes, uncompressed_size=858 bytes)
[debug] [2025-09-02T20:09:44.820Z] [unzip] Processing entry: client\assets\provider-icons\auth_service_oidc.svg
[debug] [2025-09-02T20:09:44.820Z] [unzip] else mkdir: C:\Users\ktpsu\.cache\firebase\emulators\ui-v1.15.0\client\assets\provider-icons
[debug] [2025-09-02T20:09:44.820Z] [unzip] deflating: C:\Users\ktpsu\.cache\firebase\emulators\ui-v1.15.0\client\assets\provider-icons\auth_service_oidc.svg
[debug] [2025-09-02T20:09:44.841Z] [unzip] Entry: client/browserconfig.xml (compressed_size=491 bytes, uncompressed_size=822 bytes)
[debug] [2025-09-02T20:09:44.841Z] [unzip] Processing entry: client\browserconfig.xml
[debug] [2025-09-02T20:09:44.841Z] [unzip] else mkdir: C:\Users\ktpsu\.cache\firebase\emulators\ui-v1.15.0\client
[debug] [2025-09-02T20:09:44.841Z] [unzip] deflating: C:\Users\ktpsu\.cache\firebase\emulators\ui-v1.15.0\client\browserconfig.xml
[debug] [2025-09-02T20:09:44.858Z] [unzip] Entry: client/favicon-32x32.png (compressed_size=475 bytes, uncompressed_size=475 bytes)
[debug] [2025-09-02T20:09:44.859Z] [unzip] Processing entry: client\favicon-32x32.png
[debug] [2025-09-02T20:09:44.859Z] [unzip] else mkdir: C:\Users\ktpsu\.cache\firebase\emulators\ui-v1.15.0\client
[debug] [2025-09-02T20:09:44.861Z] [unzip] Writing file: C:\Users\ktpsu\.cache\firebase\emulators\ui-v1.15.0\client\favicon-32x32.png
[debug] [2025-09-02T20:09:44.865Z] [unzip] Entry: server/ (compressed_size=0 bytes, uncompressed_size=0 bytes)
[debug] [2025-09-02T20:09:44.866Z] [unzip] Processing entry: server\
[debug] [2025-09-02T20:09:44.866Z] [unzip] mkdir: C:\Users\ktpsu\.cache\firebase\emulators\ui-v1.15.0\server\
[debug] [2025-09-02T20:09:44.893Z] [unzip] Entry: server/server.mjs.map (compressed_size=217845 bytes, uncompressed_size=944978 bytes)
[debug] [2025-09-02T20:09:44.893Z] [unzip] Processing entry: server\server.mjs.map
[debug] [2025-09-02T20:09:44.894Z] [unzip] else mkdir: C:\Users\ktpsu\.cache\firebase\emulators\ui-v1.15.0\server
[debug] [2025-09-02T20:09:44.895Z] [unzip] deflating: C:\Users\ktpsu\.cache\firebase\emulators\ui-v1.15.0\server\server.mjs.map
[debug] [2025-09-02T20:09:45.012Z] [unzip] Entry: server/server.mjs (compressed_size=276407 bytes, uncompressed_size=933701 bytes)
[debug] [2025-09-02T20:09:45.012Z] [unzip] Processing entry: server\server.mjs
[debug] [2025-09-02T20:09:45.012Z] [unzip] else mkdir: C:\Users\ktpsu\.cache\firebase\emulators\ui-v1.15.0\server
[debug] [2025-09-02T20:09:45.013Z] [unzip] deflating: C:\Users\ktpsu\.cache\firebase\emulators\ui-v1.15.0\server\server.mjs
[info] i  functions: Watching "C:\Users\ktpsu\OneDrive\Desktop\BrandLab Powered By UkaseAI\functions" for Cloud Functions... {"metadata":{"emulator":{"name":"functions"},"message":"Watching \"C:\\Users\\ktpsu\\OneDrive\\Desktop\\BrandLab Powered By UkaseAI\\functions\" for Cloud Functions..."}}
[debug] [2025-09-02T20:09:45.406Z] Validating nodejs source
[warn] !  functions: package.json indicates an outdated version of firebase-functions. Please upgrade using npm install --save firebase-functions@latest in your functions directory. 
[warn] !  functions: Please note that there will be breaking changes when you upgrade. 
[debug] [2025-09-02T20:09:51.354Z] > [functions] package.json contents: {
  "name": "functions",
  "main": "index.js",
  "private": true,
  "engines": {
    "node": "18"
  },
  "scripts": {
    "start": "firebase emulators:start --only functions"
  },
  "dependencies": {
    "@sendgrid/mail": "^8.1.0",
    "axios": "^1.7.2",
    "cors": "^2.8.5",
    "express": "^4.19.2",
    "firebase-admin": "^12.5.0",
    "firebase-functions": "^4.8.0",
    "png-chunk-text": "^1.0.0",
    "png-chunks-encode": "^1.0.0",
    "png-chunks-extract": "^1.0.0",
    "sharp": "^0.33.4"
  }
}
[debug] [2025-09-02T20:09:51.355Z] Building nodejs source
[debug] [2025-09-02T20:09:51.355Z] Failed to find version of module node: reached end of search path C:\Users\ktpsu\OneDrive\Desktop\BrandLab Powered By UkaseAI\functions\node_modules
[warn] !  functions: Your requested "node" version "18" doesn't match your global version "22". Using node@22 from host. 
[info] i  functions: You are using a version of firebase-functions SDK (4.9.0) that does not have support for the newest Firebase Extensions features. Please update firebase-functions SDK to >=5.1.0 to use them correctly 
[debug] [2025-09-02T20:09:51.363Z] Could not find functions.yaml. Must use http discovery
[debug] [2025-09-02T20:09:51.375Z] Found firebase-functions binary at 'C:\Users\ktpsu\OneDrive\Desktop\BrandLab Powered By UkaseAI\functions\node_modules\.bin\firebase-functions'
[info] Serving at port 8880

[debug] [2025-09-02T20:09:55.288Z] Got response from /__/functions.yaml {"endpoints":{"api":{"platform":"gcfv1","availableMemoryMb":null,"timeoutSeconds":null,"minInstances":null,"maxInstances":null,"ingressSettings":null,"serviceAccountEmail":null,"vpc":null,"httpsTrigger":{},"entryPoint":"api"}},"specVersion":"v1alpha1","requiredAPIs":[]}
[info] +  functions: Loaded functions definitions from source: api. {"metadata":{"emulator":{"name":"functions"},"message":"Loaded functions definitions from source: api."}}
[info] +  functions[us-central1-api]: http function initialized (http://127.0.0.1:5001/bamboo-case-469420-n3/us-central1/api). {"metadata":{"emulator":{"name":"functions"},"message":"\u001b[1mhttp\u001b[22m function initialized (http://127.0.0.1:5001/bamboo-case-469420-n3/us-central1/api)."}}
[debug] [2025-09-02T20:09:59.487Z] Could not find VSCode notification endpoint: FetchError: request to http://localhost:40001/vscode/notify failed, reason: . If you are not running the Firebase Data Connect VSCode extension, this is expected and not an issue.
[info] 
┌─────────────────────────────────────────────────────────────┐
│ ✔  All emulators ready! It is now safe to connect your app. │
│ i  View Emulator UI at http://127.0.0.1:4000/               │
└─────────────────────────────────────────────────────────────┘

┌───────────┬────────────────┬─────────────────────────────────┐
│ Emulator  │ Host:Port      │ View in Emulator UI             │
├───────────┼────────────────┼─────────────────────────────────┤
│ Functions │ 127.0.0.1:5001 │ http://127.0.0.1:4000/functions │
└───────────┴────────────────┴─────────────────────────────────┘
  Emulator Hub host: 127.0.0.1 port: 4400
  Other reserved ports: 4500

Issues? Report them at https://github.com/firebase/firebase-tools/issues and attach the *-debug.log files.
 
